<?xml version="1.0" encoding="UTF-8"?>
<!-- Generated by org.testng.reporters.JUnitReportReporter -->
<testsuite hostname="DESKTOP-3QKDSQ4" failures="0" tests="2" name="failedXMLFile.DisableoftestExecution" time="0.010" errors="0" timestamp="2022-06-30T18:39:31 IST" skipped="0">
  <testcase classname="failedXMLFile.DisableoftestExecution" name="tc4" time="0.001"/>
  <system-out>
    <![CDATA[Test Case Executed-1]]>
  </system-out>
  <testcase classname="failedXMLFile.DisableoftestExecution" name="tc2" time="0.009"/>
  <system-out>
    <![CDATA[Test Case Executed-1]]>
  </system-out>
</testsuite> <!-- failedXMLFile.DisableoftestExecution -->
