<?xml version="1.0" encoding="UTF-8"?>
<!-- Generated by org.testng.reporters.JUnitReportReporter -->
<testsuite hostname="DESKTOP-3QKDSQ4" failures="0" tests="1" name="TestNg.TestNGdemo2" time="0.015" errors="0" timestamp="2022-06-04T08:59:42 IST" skipped="0">
  <testcase classname="TestNg.TestNGdemo2" name="b" time="0.015"/>
  <system-out>
    <![CDATA[Testng demo2 class method executed]]>
  </system-out>
</testsuite> <!-- TestNg.TestNGdemo2 -->
