<?xml version="1.0" encoding="UTF-8"?>
<!-- Generated by org.testng.reporters.JUnitReportReporter -->
<testsuite hostname="DESKTOP-3QKDSQ4" failures="0" tests="5" name="testNGKeywords.InvocationCount" time="0.025" errors="0" timestamp="2022-06-24T23:17:41 IST" skipped="0">
  <testcase classname="testNGKeywords.InvocationCount" name="imcompletmethod" time="0.016"/>
  <system-out>
    <![CDATA[This is imcomleted method ]]>
  </system-out>
  <testcase classname="testNGKeywords.InvocationCount" name="Tc2" time="0.002"/>
  <system-out>
    <![CDATA[Running test case 2]]>
  </system-out>
  <testcase classname="testNGKeywords.InvocationCount" name="Tc2" time="0.003"/>
  <system-out>
    <![CDATA[Running test case 2]]>
  </system-out>
  <testcase classname="testNGKeywords.InvocationCount" name="tc1" time="0.002"/>
  <system-out>
    <![CDATA[Runniung tc 1..]]>
  </system-out>
  <testcase classname="testNGKeywords.InvocationCount" name="tc1" time="0.002"/>
  <system-out>
    <![CDATA[Runniung tc 1..]]>
  </system-out>
</testsuite> <!-- testNGKeywords.InvocationCount -->
