<?xml version="1.0" encoding="UTF-8"?>
<!-- Generated by org.testng.reporters.JUnitReportReporter -->
<testsuite hostname="DESKTOP-3QKDSQ4" failures="0" tests="1" name="TestNg.demo1" time="0.016" errors="0" timestamp="2022-06-13T00:11:16 IST" skipped="0">
  <testcase classname="TestNg.demo1" name="method" time="0.016"/>
  <system-out>
    <![CDATA[method executed]]>
  </system-out>
</testsuite> <!-- TestNg.demo1 -->
