<?xml version="1.0" encoding="UTF-8"?>
<!-- Generated by org.testng.reporters.JUnitReportReporter -->
<testsuite hostname="DESKTOP-3QKDSQ4" failures="0" tests="1" name="assertionTestNG.NotEqualse" time="0.015" errors="0" timestamp="2022-06-30T13:14:48 IST" skipped="0">
  <testcase classname="assertionTestNG.NotEqualse" name="notequals" time="0.015"/>
  <system-out/>
</testsuite> <!-- assertionTestNG.NotEqualse -->
