<?xml version="1.0" encoding="UTF-8"?>
<!-- Generated by org.testng.reporters.JUnitReportReporter -->
<testsuite hostname="DESKTOP-3QKDSQ4" failures="0" tests="1" name="TestNg.TestNGdemo1" time="0.002" errors="0" timestamp="2022-06-26T21:46:48 IST" skipped="0">
  <testcase classname="TestNg.TestNGdemo1" name="a" time="0.002"/>
  <system-out>
    <![CDATA[TestNGdemo class method]]>
  </system-out>
</testsuite> <!-- TestNg.TestNGdemo1 -->
