<?xml version="1.0" encoding="UTF-8"?>
<!-- Generated by org.testng.reporters.JUnitReportReporter -->
<testsuite hostname="DESKTOP-3QKDSQ4" failures="0" tests="1" name="failedXMLFile.FailedFileRerun" time="0.015" errors="0" timestamp="2022-06-30T17:01:45 IST" skipped="0">
  <testcase classname="failedXMLFile.FailedFileRerun" name="tc4" time="0.015"/>
  <system-out>
    <![CDATA[Test Case Executed-1]]>
  </system-out>
</testsuite> <!-- failedXMLFile.FailedFileRerun -->
