<?xml version="1.0" encoding="UTF-8"?>
<!-- Generated by org.testng.reporters.JUnitReportReporter -->
<testsuite hostname="DESKTOP-3QKDSQ4" failures="0" tests="1" name="assertionTestNG.AssertEpuals" time="0.014" errors="0" timestamp="2022-06-30T13:04:12 IST" skipped="0">
  <testcase classname="assertionTestNG.AssertEpuals" name="tc1" time="0.014"/>
  <system-out/>
</testsuite> <!-- assertionTestNG.AssertEpuals -->
