<?xml version="1.0" encoding="UTF-8"?>
<!-- Generated by org.testng.reporters.JUnitReportReporter -->
<testsuite hostname="DESKTOP-3QKDSQ4" failures="0" tests="4" name="groupingofTestCase.Ex2" time="0.013" errors="0" timestamp="2022-07-01T15:00:22 IST" skipped="0">
  <testcase classname="groupingofTestCase.Ex2" name="tc5" time="0.003"/>
  <system-out>
    <![CDATA[Test Case Executed-5]]>
  </system-out>
  <testcase classname="groupingofTestCase.Ex2" name="tc7" time="0.003"/>
  <system-out>
    <![CDATA[Test Case Executed-7]]>
  </system-out>
  <testcase classname="groupingofTestCase.Ex2" name="tc8" time="0.005"/>
  <system-out>
    <![CDATA[Test Case Executed-8]]>
  </system-out>
  <testcase classname="groupingofTestCase.Ex2" name="tc6" time="0.002"/>
  <system-out>
    <![CDATA[Test Case Executed-6]]>
  </system-out>
</testsuite> <!-- groupingofTestCase.Ex2 -->
