<?xml version="1.0" encoding="UTF-8"?>
<!-- Generated by org.testng.reporters.JUnitReportReporter -->
<testsuite hostname="DESKTOP-3QKDSQ4" failures="0" tests="3" name="testNGKeywords.DependsOnMerthod" time="2.033" errors="0" timestamp="2022-06-25T00:42:21 IST" skipped="0">
  <testcase classname="testNGKeywords.DependsOnMerthod" name="tc1" time="2.029"/>
  <system-out>
    <![CDATA[ Running tc1]]>
  </system-out>
  <testcase classname="testNGKeywords.DependsOnMerthod" name="tc3" time="0.002"/>
  <system-out>
    <![CDATA[ Running tc3s]]>
  </system-out>
  <testcase classname="testNGKeywords.DependsOnMerthod" name="tc2" time="0.002"/>
  <system-out>
    <![CDATA[ Running tc2]]>
  </system-out>
</testsuite> <!-- testNGKeywords.DependsOnMerthod -->
