<?xml version="1.0" encoding="UTF-8"?>
<!-- Generated by org.testng.reporters.JUnitReportReporter -->
<testsuite hostname="DESKTOP-3QKDSQ4" failures="0" tests="1" name="testNGKeywords.PriorityExample" time="0.021" errors="0" timestamp="2022-06-24T23:17:57 IST" skipped="0">
  <testcase classname="testNGKeywords.PriorityExample" name="Tc1" time="0.021"/>
  <system-out>
    <![CDATA[running tc 1]]>
  </system-out>
</testsuite> <!-- testNGKeywords.PriorityExample -->
