<?xml version="1.0" encoding="UTF-8"?>
<!-- Generated by org.testng.reporters.JUnitReportReporter -->
<testsuite hostname="DESKTOP-3QKDSQ4" failures="0" tests="1" name="TestNg.TestNFGdemo3" time="0.020" errors="0" timestamp="2022-06-26T21:39:43 IST" skipped="0">
  <testcase classname="TestNg.TestNFGdemo3" name="c" time="0.020"/>
  <system-out>
    <![CDATA[testng demo3 method executed]]>
  </system-out>
</testsuite> <!-- TestNg.TestNFGdemo3 -->
