<?xml version="1.0" encoding="UTF-8"?>
<!-- Generated by org.testng.reporters.JUnitReportReporter -->
<testsuite hostname="DESKTOP-3QKDSQ4" failures="0" tests="1" name="assercation.OrangeHrm" time="0.026" errors="0" timestamp="2022-06-08T09:32:03 IST" skipped="0">
  <testcase classname="assercation.OrangeHrm" name="testCase" time="0.026"/>
  <system-out>
    <![CDATA[launch the browser
Launch the web application
verify the login page
perform login
verify home page
create contact
create user]]>
  </system-out>
</testsuite> <!-- assercation.OrangeHrm -->
