<?xml version="1.0" encoding="UTF-8"?>
<!-- Generated by org.testng.reporters.JUnitReportReporter -->
<testsuite hostname="DESKTOP-3QKDSQ4" failures="0" tests="1" name="TestNg.demo" time="0.019" errors="0" timestamp="2022-06-12T23:44:01 IST" skipped="0">
  <testcase classname="TestNg.demo" name="f" time="0.019"/>
  <system-out/>
</testsuite> <!-- TestNg.demo -->
