<?xml version="1.0" encoding="UTF-8"?>
<!-- Generated by org.testng.reporters.JUnitReportReporter -->
<testsuite hostname="DESKTOP-3QKDSQ4" failures="0" tests="2" name="groupingofTestCase.Ex1" time="0.020" errors="0" timestamp="2022-07-01T15:00:49 IST" skipped="0">
  <testcase classname="groupingofTestCase.Ex1" name="tc2" time="0.017"/>
  <system-out>
    <![CDATA[Test Case Executed-2]]>
  </system-out>
  <testcase classname="groupingofTestCase.Ex1" name="tc3" time="0.003"/>
  <system-out>
    <![CDATA[Test Case Executed-3]]>
  </system-out>
</testsuite> <!-- groupingofTestCase.Ex1 -->
