<?xml version="1.0" encoding="UTF-8"?>
<!-- Generated by org.testng.reporters.JUnitReportReporter -->
<testsuite hostname="DESKTOP-3QKDSQ4" failures="0" tests="2" name="multipleBrowsing.MultipleBrowsing1" time="22.820" errors="0" timestamp="2022-07-03T01:29:09 IST" skipped="0">
  <testcase classname="multipleBrowsing.MultipleBrowsing1" name="TC1" time="13.784"/>
  <system-out/>
  <testcase classname="multipleBrowsing.MultipleBrowsing1" name="TC1" time="9.036"/>
  <system-out/>
</testsuite> <!-- multipleBrowsing.MultipleBrowsing1 -->
