<?xml version="1.0" encoding="UTF-8"?>
<!-- Generated by org.testng.reporters.JUnitReportReporter -->
<testsuite hostname="DESKTOP-3QKDSQ4" failures="0" tests="3" name="TestNGAnnotation.TestNgAnnotation1" time="0.014" errors="0" timestamp="2022-06-24T18:58:40 IST" skipped="0">
  <testcase classname="TestNGAnnotation.TestNgAnnotation1" name="test" time="0.008"/>
  <system-out>
    <![CDATA[Test]]>
  </system-out>
  <testcase classname="TestNGAnnotation.TestNgAnnotation1" name="test1" time="0.003"/>
  <system-out>
    <![CDATA[Test case1]]>
  </system-out>
  <testcase classname="TestNGAnnotation.TestNgAnnotation1" name="test2" time="0.003"/>
  <system-out>
    <![CDATA[Test case1]]>
  </system-out>
</testsuite> <!-- TestNGAnnotation.TestNgAnnotation1 -->
